[1;37m
INFO: [0m2023/07/06 08:10:00 main.go:33: Starting web server...
[1;32m
DEBUG: [0m2023/07/06 08:10:00 main.go:35: Configuring static pages...
[1;32m
DEBUG: [0m2023/07/06 08:10:00 main.go:38: Configuring contact pages...
[1;32m
DEBUG: [0m2023/07/06 08:10:00 main.go:41: Configuring users pages...
[1;32m
DEBUG: [0m2023/07/06 08:10:00 main.go:44: Configuring liro modules...
[1;32m
DEBUG: [0m2023/07/06 08:10:00 main.go:81: Configuring middleware...
[1;32m
DEBUG: [0m2023/07/06 08:10:00 main.go:93: Loading routers
[1;32m
DEBUG: [0m2023/07/06 08:10:00 main.go:125: STARTING SERVER AT PORT: 9000
[1;31m
ERROR: [0m2023/07/06 08:10:28 helpers.go:66: Error reading answer from answer request:  invalid character 'p' after top-level value
[1;37m
INFO: [0m2023/07/06 08:13:57 main.go:33: Starting web server...
[1;32m
DEBUG: [0m2023/07/06 08:13:57 main.go:35: Configuring static pages...
[1;32m
DEBUG: [0m2023/07/06 08:13:57 main.go:38: Configuring contact pages...
[1;32m
DEBUG: [0m2023/07/06 08:13:57 main.go:41: Configuring users pages...
[1;32m
DEBUG: [0m2023/07/06 08:13:57 main.go:44: Configuring liro modules...
[1;32m
DEBUG: [0m2023/07/06 08:13:57 main.go:81: Configuring middleware...
[1;32m
DEBUG: [0m2023/07/06 08:13:57 main.go:93: Loading routers
[1;32m
DEBUG: [0m2023/07/06 08:13:57 main.go:125: STARTING SERVER AT PORT: 9000
[1;31m
ERROR: [0m2023/07/06 08:14:12 helpers.go:66: Error reading answer from answer request:  invalid character 'p' after top-level value
[1;37m
INFO: [0m2023/07/06 08:15:01 main.go:33: Starting web server...
[1;32m
DEBUG: [0m2023/07/06 08:15:01 main.go:35: Configuring static pages...
[1;32m
DEBUG: [0m2023/07/06 08:15:01 main.go:38: Configuring contact pages...
[1;32m
DEBUG: [0m2023/07/06 08:15:01 main.go:41: Configuring users pages...
[1;32m
DEBUG: [0m2023/07/06 08:15:01 main.go:44: Configuring liro modules...
[1;32m
DEBUG: [0m2023/07/06 08:15:01 main.go:81: Configuring middleware...
[1;32m
DEBUG: [0m2023/07/06 08:15:01 main.go:93: Loading routers
[1;32m
DEBUG: [0m2023/07/06 08:15:01 main.go:125: STARTING SERVER AT PORT: 9000
[1;37m
INFO: [0m2023/07/06 08:15:24 main.go:33: Starting web server...
[1;32m
DEBUG: [0m2023/07/06 08:15:24 main.go:35: Configuring static pages...
[1;32m
DEBUG: [0m2023/07/06 08:15:24 main.go:38: Configuring contact pages...
[1;32m
DEBUG: [0m2023/07/06 08:15:24 main.go:41: Configuring users pages...
[1;32m
DEBUG: [0m2023/07/06 08:15:24 main.go:44: Configuring liro modules...
[1;32m
DEBUG: [0m2023/07/06 08:15:24 main.go:81: Configuring middleware...
[1;32m
DEBUG: [0m2023/07/06 08:15:24 main.go:93: Loading routers
[1;32m
DEBUG: [0m2023/07/06 08:15:24 main.go:125: STARTING SERVER AT PORT: 9000
[1;32m
DEBUG: [0m2023/07/06 08:17:25 middleware.go:49: Printing stats
-----os------stats---
cpu system:  21.92 %
cpu idle:    30.97 %
memory used: 31110  mb
memory free: 1496  mb
--------------------
[1;32m
DEBUG: [0m2023/07/06 08:19:25 middleware.go:49: Printing stats
-----os------stats---
cpu system:  28.95 %
cpu idle:    35.79 %
memory used: 30497  mb
memory free: 5172  mb
--------------------
[1;32m
DEBUG: [0m2023/07/06 08:21:25 middleware.go:49: Printing stats
-----os------stats---
cpu system:  20.18 %
cpu idle:    44.46 %
memory used: 30863  mb
memory free: 4997  mb
--------------------
